<?xml version="1.0" encoding="UTF-8"?>
<testng-results skipped="0" failed="0" ignored="0" total="1" passed="1">
  <reporter-output>
  </reporter-output>
  <suite name="Default suite" duration-ms="22132" started-at="2019-10-07T17:43:03 IST" finished-at="2019-10-07T17:43:25 IST">
    <groups>
    </groups>
    <test name="Default test" duration-ms="22132" started-at="2019-10-07T17:43:03 IST" finished-at="2019-10-07T17:43:25 IST">
      <class name="LOS_testCases.LoginTest">
        <test-method status="PASS" signature="init()[pri:0, instance:LOS_testCases.LoginTest@7ba18f1b]" name="init" duration-ms="22078" started-at="2019-10-07T17:43:03 IST" finished-at="2019-10-07T17:43:25 IST">
          <reporter-output>
          </reporter-output>
        </test-method> <!-- init -->
      </class> <!-- LOS_testCases.LoginTest -->
    </test> <!-- Default test -->
  </suite> <!-- Default suite -->
</testng-results>
